2024-05-11T10:21:48.834Z : un Admin fait une requête
2024-05-11T10:21:48.930Z : Liste d Obstacle bien retournée
2024-05-11T10:21:52.578Z : un Admin fait une requête
2024-05-11T10:21:52.683Z : Liste d Obstacle bien retournée
2024-05-11T10:21:53.057Z : un Admin fait une requête
2024-05-11T10:21:53.154Z : Liste d Obstacle bien retournée
2024-05-11T10:22:16.098Z : un Admin fait une requête
2024-05-11T10:22:16.193Z : Liste d Obstacle bien retournée
2024-05-11T10:22:33.450Z : un Admin fait une requête
2024-05-11T10:22:33.550Z : Liste d Obstacle bien retournée
2024-05-11T10:24:31.506Z : un Admin fait une requête
2024-05-11T10:24:31.609Z : Liste d Obstacle bien retournée
2024-05-11T10:24:44.382Z : un Admin fait une requête
2024-05-11T10:24:44.477Z : Liste d Obstacle bien retournée
2024-05-11T10:26:13.484Z : un Admin fait une requête
2024-05-11T10:26:13.584Z : Liste d Obstacle bien retournée
2024-05-11T10:26:17.440Z : un Admin fait une requête
2024-05-11T10:26:17.537Z : Liste d Obstacle bien retournée
2024-05-11T10:26:19.381Z : un Admin fait une requête
2024-05-11T10:26:19.477Z : Liste d Obstacle bien retournée
2024-05-11T10:26:21.470Z : un Admin fait une requête
2024-05-11T10:26:21.566Z : Liste d Obstacle bien retournée
2024-05-11T10:26:44.397Z : un Admin fait une requête
2024-05-11T10:26:44.491Z : Liste d Obstacle bien retournée
2024-05-11T10:27:13.296Z : un Admin fait une requête
2024-05-11T10:27:13.393Z : Liste d Obstacle bien retournée
2024-05-11T10:27:18.393Z : un Admin fait une requête
2024-05-11T10:27:18.489Z : Liste d Obstacle bien retournée
2024-05-11T10:27:20.410Z : un Admin fait une requête
2024-05-11T10:27:20.507Z : Liste d Obstacle bien retournée
2024-05-11T10:27:25.384Z : un Admin fait une requête
2024-05-11T10:27:25.479Z : Liste d Obstacle bien retournée
2024-05-11T10:27:27.443Z : un Admin fait une requête
2024-05-11T10:27:27.540Z : Liste d Obstacle bien retournée
2024-05-11T10:27:58.422Z : un Admin fait une requête
2024-05-11T10:27:58.517Z : Liste d Obstacle bien retournée
2024-05-11T10:28:13.382Z : un Admin fait une requête
2024-05-11T10:28:13.480Z : Liste d Obstacle bien retournée
2024-05-11T10:28:53.885Z : un Admin fait une requête
2024-05-11T10:28:53.980Z : Liste d Obstacle bien retournée
2024-05-11T10:28:58.383Z : un Admin fait une requête
2024-05-11T10:28:58.481Z : Liste d Obstacle bien retournée
2024-05-11T10:29:03.308Z : un Admin fait une requête
2024-05-11T10:29:03.403Z : Liste d Obstacle bien retournée
2024-05-11T10:29:51.364Z : un Admin fait une requête
2024-05-11T10:29:51.459Z : Liste d Obstacle bien retournée
2024-05-11T10:37:59.407Z : un Admin fait une requête
2024-05-11T10:37:59.502Z : Liste d Obstacle bien retournée
2024-05-11T10:39:41.930Z : un Admin fait une requête
2024-05-11T10:39:42.029Z : Liste d Obstacle bien retournée
2024-05-11T10:39:45.294Z : un Admin fait une requête
2024-05-11T10:39:45.390Z : Liste d Obstacle bien retournée
2024-05-11T10:39:51.430Z : un Admin fait une requête
2024-05-11T10:39:51.525Z : Liste d Obstacle bien retournée
2024-05-11T10:42:45.492Z : un Admin fait une requête
2024-05-11T10:42:45.592Z : Liste d Obstacle bien retournée
2024-05-11T10:42:54.452Z : un Admin fait une requête
2024-05-11T10:42:54.548Z : Liste d Obstacle bien retournée
2024-05-11T10:44:40.438Z : un Admin fait une requête
2024-05-11T10:44:40.536Z : Liste d Obstacle bien retournée
2024-05-11T10:44:41.377Z : un Admin fait une requête
2024-05-11T10:44:41.472Z : Liste d Obstacle bien retournée
2024-05-11T10:48:10.703Z : un Admin fait une requête
2024-05-11T10:48:10.798Z : Liste d Obstacle bien retournée
2024-05-11T10:48:28.747Z : un Admin fait une requête
2024-05-11T10:48:28.842Z : Liste d Obstacle bien retournée
2024-05-11T10:48:49.858Z : un Admin fait une requête
2024-05-11T10:48:49.962Z : Liste d Obstacle bien retournée
2024-05-11T10:51:06.537Z : un Admin fait une requête
2024-05-11T10:51:06.635Z : Liste d Obstacle bien retournée
2024-05-11T10:51:15.395Z : un Admin fait une requête
2024-05-11T10:51:15.492Z : Liste d Obstacle bien retournée
2024-05-11T10:51:50.960Z : un Admin fait une requête
2024-05-11T10:51:51.055Z : Liste d Obstacle bien retournée
2024-05-11T10:51:54.385Z : un Admin fait une requête
2024-05-11T10:51:54.481Z : Liste d Obstacle bien retournée
2024-05-11T10:51:59.819Z : un Admin fait une requête
2024-05-11T10:51:59.914Z : Liste d Obstacle bien retournée
2024-05-11T10:53:45.805Z : un Admin fait une requête
2024-05-11T10:53:45.903Z : Liste d Obstacle bien retournée
2024-05-11T10:53:51.377Z : un Admin fait une requête
2024-05-11T10:53:51.472Z : Liste d Obstacle bien retournée
2024-05-11T10:54:37.406Z : un Admin fait une requête
2024-05-11T10:54:37.503Z : Liste d Obstacle bien retournée
2024-05-11T10:56:25.156Z : un Admin fait une requête
2024-05-11T10:56:25.250Z : Liste d Obstacle bien retournée
2024-05-11T10:56:57.087Z : un Admin fait une requête
2024-05-11T10:56:57.183Z : Liste d Obstacle bien retournée
2024-05-11T10:58:14.402Z : un Admin fait une requête
2024-05-11T10:58:14.496Z : Liste d Obstacle bien retournée
2024-05-11T10:58:53.141Z : un Admin fait une requête
2024-05-11T10:58:53.235Z : Liste d Obstacle bien retournée
2024-05-11T11:00:34.487Z : un Admin fait une requête
2024-05-11T11:00:34.582Z : Liste d Obstacle bien retournée
2024-05-11T11:02:18.002Z : un Admin fait une requête
2024-05-11T11:02:18.101Z : Liste d Obstacle bien retournée
2024-05-11T11:02:24.399Z : un Admin fait une requête
2024-05-11T11:02:24.494Z : Liste d Obstacle bien retournée
2024-05-11T11:02:36.437Z : un Admin fait une requête
2024-05-11T11:02:36.531Z : Liste d Obstacle bien retournée
2024-05-11T11:03:14.986Z : un Admin fait une requête
2024-05-11T11:03:15.082Z : Liste d Obstacle bien retournée
2024-05-11T11:03:28.472Z : un Admin fait une requête
2024-05-11T11:03:28.569Z : Liste d Obstacle bien retournée
2024-05-11T11:03:57.571Z : un Admin fait une requête
2024-05-11T11:03:57.665Z : Liste d Obstacle bien retournée
2024-05-11T11:04:22.843Z : un Admin fait une requête
2024-05-11T11:04:22.981Z : Liste d Obstacle bien retournée
2024-05-11T11:15:44.233Z : un Admin fait une requête
2024-05-11T11:15:44.329Z : Liste d Obstacle bien retournée
2024-05-11T11:17:43.770Z : un Admin fait une requête
2024-05-11T11:17:43.866Z : Liste d Obstacle bien retournée
2024-05-11T11:17:53.826Z : un Admin fait une requête
2024-05-11T11:17:53.923Z : Liste d Obstacle bien retournée
2024-05-11T11:18:05.536Z : un Admin fait une requête
2024-05-11T11:18:05.636Z : Liste d Obstacle bien retournée
2024-05-11T11:18:18.315Z : un Admin fait une requête
2024-05-11T11:18:18.411Z : Liste d Obstacle bien retournée
2024-05-11T11:18:56.488Z : un Admin fait une requête
2024-05-11T11:18:56.585Z : Liste d Obstacle bien retournée
2024-05-11T11:18:56.689Z : un Admin fait une requête
2024-05-11T11:18:56.828Z : test  bien créé
2024-05-11T11:20:23.612Z : un Admin fait une requête
2024-05-11T11:20:23.707Z : Liste d Obstacle bien retournée
2024-05-11T11:20:23.808Z : un Admin fait une requête
2024-05-11T11:20:24.001Z : Liste d Obstacle bien retournée
2024-05-11T11:20:27.422Z : un Admin fait une requête
2024-05-11T11:20:27.517Z : Liste d Obstacle bien retournée
2024-05-11T11:20:27.621Z : un Admin fait une requête
2024-05-11T11:20:27.751Z : Liste d Obstacle bien retournée
2024-05-11T11:23:14.386Z : un Admin fait une requête
2024-05-11T11:23:14.481Z : Liste d Obstacle bien retournée
2024-05-11T11:23:14.584Z : un Admin fait une requête
2024-05-11T11:23:14.683Z : Liste d Obstacle bien retournée
2024-05-11T11:23:27.418Z : un Admin fait une requête
2024-05-11T11:23:27.513Z : Liste d Obstacle bien retournée
2024-05-11T11:23:27.615Z : un Admin fait une requête
2024-05-11T11:23:27.710Z : Liste d Obstacle bien retournée
2024-05-11T11:23:42.438Z : un Admin fait une requête
2024-05-11T11:23:42.533Z : Liste d Obstacle bien retournée
2024-05-11T11:23:42.639Z : un Admin fait une requête
2024-05-11T11:23:42.734Z : Liste d Obstacle bien retournée
2024-05-11T11:23:54.506Z : un Admin fait une requête
2024-05-11T11:23:54.612Z : Liste d Obstacle bien retournée
2024-05-11T11:23:54.727Z : un Admin fait une requête
2024-05-11T11:23:54.832Z : Liste d Obstacle bien retournée
2024-05-11T11:25:06.185Z : un Admin fait une requête
2024-05-11T11:25:06.282Z : Liste d Obstacle bien retournée
2024-05-11T11:25:06.383Z : un Admin fait une requête
2024-05-11T11:25:06.479Z : Liste d Obstacle bien retournée
2024-05-11T11:25:55.631Z : un Admin fait une requête
2024-05-11T11:25:55.730Z : Liste d Obstacle bien retournée
2024-05-11T11:25:55.835Z : un Admin fait une requête
2024-05-11T11:25:55.930Z : Liste d Obstacle bien retournée
2024-05-11T11:27:30.046Z : un Admin fait une requête
2024-05-11T11:27:30.149Z : Liste d Obstacle bien retournée
2024-05-11T11:27:30.250Z : un Admin fait une requête
2024-05-11T11:27:30.346Z : Liste d Obstacle bien retournée
2024-05-11T11:27:37.545Z : un Admin fait une requête
2024-05-11T11:27:37.644Z : Liste d Obstacle bien retournée
2024-05-11T11:27:37.750Z : un Admin fait une requête
2024-05-11T11:27:37.845Z : Liste d Obstacle bien retournée
2024-05-11T11:27:52.945Z : un Admin fait une requête
2024-05-11T11:27:53.041Z : Liste d Obstacle bien retournée
2024-05-11T11:27:53.141Z : un Admin fait une requête
2024-05-11T11:27:53.237Z : Liste d Obstacle bien retournée
2024-05-11T11:28:06.609Z : un Admin fait une requête
2024-05-11T11:28:06.704Z : Liste d Obstacle bien retournée
2024-05-11T11:29:12.376Z : un Admin fait une requête
2024-05-11T11:29:12.473Z : Liste d Obstacle bien retournée
2024-05-11T11:29:12.578Z : un Admin fait une requête
2024-05-11T11:29:12.674Z : Liste d Obstacle bien retournée
2024-05-11T11:29:14.325Z : un Admin fait une requête
2024-05-11T11:29:14.423Z : Liste d Obstacle bien retournée
2024-05-11T11:29:14.536Z : un Admin fait une requête
2024-05-11T11:29:14.635Z : Liste d Obstacle bien retournée
2024-05-11T11:29:19.360Z : un Admin fait une requête
2024-05-11T11:29:19.465Z : Liste d Obstacle bien retournée
2024-05-11T11:29:19.579Z : un Admin fait une requête
2024-05-11T11:29:19.676Z : Liste d Obstacle bien retournée
2024-05-11T11:29:22.334Z : un Admin fait une requête
2024-05-11T11:29:22.430Z : Liste d Obstacle bien retournée
2024-05-11T11:29:22.534Z : un Admin fait une requête
2024-05-11T11:29:22.633Z : Liste d Obstacle bien retournée
2024-05-11T11:29:25.352Z : un Admin fait une requête
2024-05-11T11:29:25.447Z : Liste d Obstacle bien retournée
2024-05-11T11:29:25.547Z : un Admin fait une requête
2024-05-11T11:29:25.642Z : Liste d Obstacle bien retournée
2024-05-11T11:29:57.351Z : un Admin fait une requête
2024-05-11T11:29:57.449Z : Liste d Obstacle bien retournée
2024-05-11T11:29:57.557Z : un Admin fait une requête
2024-05-11T11:29:57.654Z : Liste d Obstacle bien retournée
2024-05-11T11:30:17.082Z : un Admin fait une requête
2024-05-11T11:30:17.176Z : Liste d Obstacle bien retournée
2024-05-11T11:31:38.329Z : un Admin fait une requête
2024-05-11T11:31:38.427Z : Liste d Obstacle bien retournée
2024-05-11T11:31:38.531Z : un Admin fait une requête
2024-05-11T11:31:38.626Z : Liste d Obstacle bien retournée
2024-05-11T11:31:47.429Z : un Admin fait une requête
2024-05-11T11:31:47.528Z : Liste d Obstacle bien retournée
2024-05-11T11:31:47.631Z : un Admin fait une requête
2024-05-11T11:31:47.727Z : Liste d Obstacle bien retournée
2024-05-11T11:31:47.830Z : un Admin fait une requête
2024-05-11T11:31:47.928Z : Liste d Obstacle bien retournée
2024-05-11T11:31:48.037Z : un Admin fait une requête
2024-05-11T11:31:48.132Z : Liste d Obstacle bien retournée
2024-05-11T11:33:45.354Z : un Admin fait une requête
2024-05-11T11:33:45.457Z : Liste d Obstacle bien retournée
2024-05-11T11:33:45.558Z : un Admin fait une requête
2024-05-11T11:33:45.653Z : Liste d Obstacle bien retournée
2024-05-11T11:33:45.758Z : un Admin fait une requête
2024-05-11T11:33:45.853Z : Liste d Obstacle bien retournée
2024-05-11T11:33:45.953Z : un Admin fait une requête
2024-05-11T11:33:46.048Z : Liste d Obstacle bien retournée
2024-05-11T11:34:44.815Z : un Admin fait une requête
2024-05-11T11:34:44.913Z : Liste d Obstacle bien retournée
2024-05-11T11:34:45.016Z : un Admin fait une requête
2024-05-11T11:34:45.111Z : Liste d Obstacle bien retournée
2024-05-11T11:34:45.212Z : un Admin fait une requête
2024-05-11T11:34:45.308Z : Liste d Obstacle bien retournée
2024-05-11T11:34:45.408Z : un Admin fait une requête
2024-05-11T11:34:45.502Z : Liste d Obstacle bien retournée
2024-05-11T11:35:42.427Z : un Admin fait une requête
2024-05-11T11:35:42.549Z : test bien créé
2024-05-11T11:39:04.887Z : un Admin fait une requête
2024-05-11T11:39:04.985Z : Liste d Obstacle bien retournée
2024-05-11T11:39:05.093Z : un Admin fait une requête
2024-05-11T11:39:05.188Z : Liste d Obstacle bien retournée
2024-05-11T11:39:05.289Z : un Admin fait une requête
2024-05-11T11:39:05.384Z : Liste d Obstacle bien retournée
2024-05-11T11:39:05.505Z : un Admin fait une requête
2024-05-11T11:39:05.602Z : Liste d Obstacle bien retournée
2024-05-11T11:39:36.204Z : un Admin fait une requête
2024-05-11T11:39:36.326Z : test bien créé
2024-05-11T11:40:37.378Z : un Admin fait une requête
2024-05-11T11:40:37.474Z : Liste d Obstacle bien retournée
2024-05-11T11:40:37.580Z : un Admin fait une requête
2024-05-11T11:40:37.676Z : Liste d Obstacle bien retournée
2024-05-11T11:40:37.779Z : un Admin fait une requête
2024-05-11T11:40:37.874Z : Liste d Obstacle bien retournée
2024-05-11T11:40:37.975Z : un Admin fait une requête
2024-05-11T11:40:38.070Z : Liste d Obstacle bien retournée
2024-05-11T11:40:42.335Z : un Admin fait une requête
2024-05-11T11:40:42.432Z : Liste d Obstacle bien retournée
2024-05-11T11:40:42.537Z : un Admin fait une requête
2024-05-11T11:40:42.642Z : Liste d Obstacle bien retournée
2024-05-11T11:40:42.750Z : un Admin fait une requête
2024-05-11T11:40:42.845Z : Liste d Obstacle bien retournée
2024-05-11T11:40:42.946Z : un Admin fait une requête
2024-05-11T11:40:43.041Z : Liste d Obstacle bien retournée
2024-05-11T11:40:46.384Z : un Admin fait une requête
2024-05-11T11:40:46.479Z : Liste d Obstacle bien retournée
2024-05-11T11:40:46.594Z : un Admin fait une requête
2024-05-11T11:40:46.691Z : Liste d Obstacle bien retournée
2024-05-11T11:40:46.800Z : un Admin fait une requête
2024-05-11T11:40:46.895Z : Liste d Obstacle bien retournée
2024-05-11T11:40:46.995Z : un Admin fait une requête
2024-05-11T11:40:47.090Z : Liste d Obstacle bien retournée
2024-05-11T11:41:32.065Z : un Admin fait une requête
2024-05-11T11:41:32.164Z : test bien créé
2024-05-11T11:42:48.629Z : un Admin fait une requête
2024-05-11T11:42:48.729Z : Liste d Obstacle bien retournée
2024-05-11T11:42:48.837Z : un Admin fait une requête
2024-05-11T11:42:48.932Z : Liste d Obstacle bien retournée
2024-05-11T11:42:49.038Z : un Admin fait une requête
2024-05-11T11:42:49.132Z : Liste d Obstacle bien retournée
2024-05-11T11:42:49.232Z : un Admin fait une requête
2024-05-11T11:42:49.326Z : Liste d Obstacle bien retournée
2024-05-11T11:43:07.345Z : un Admin fait une requête
2024-05-11T11:43:07.441Z : Liste d Obstacle bien retournée
2024-05-11T11:43:07.543Z : un Admin fait une requête
2024-05-11T11:43:07.645Z : Liste d Obstacle bien retournée
2024-05-11T11:43:07.750Z : un Admin fait une requête
2024-05-11T11:43:07.847Z : Liste d Obstacle bien retournée
2024-05-11T11:43:07.949Z : un Admin fait une requête
2024-05-11T11:43:08.044Z : Liste d Obstacle bien retournée
2024-05-11T11:43:27.974Z : un Admin fait une requête
2024-05-11T11:43:28.100Z : testt bien créé
2024-05-11T11:44:14.420Z : un Admin fait une requête
2024-05-11T11:44:14.522Z : Liste d Obstacle bien retournée
2024-05-11T11:44:14.630Z : un Admin fait une requête
2024-05-11T11:44:14.727Z : Liste d Obstacle bien retournée
2024-05-11T11:44:14.845Z : un Admin fait une requête
2024-05-11T11:44:14.940Z : Liste d Obstacle bien retournée
2024-05-11T11:44:15.042Z : un Admin fait une requête
2024-05-11T11:44:15.138Z : Liste d Obstacle bien retournée
2024-05-11T11:49:27.324Z : un Admin fait une requête
2024-05-11T11:49:27.420Z : Liste d Obstacle bien retournée
2024-05-11T11:49:27.524Z : un Admin fait une requête
2024-05-11T11:49:27.629Z : Liste d Obstacle bien retournée
2024-05-11T11:49:27.745Z : un Admin fait une requête
2024-05-11T11:49:27.843Z : Liste d Obstacle bien retournée
2024-05-11T11:49:27.951Z : un Admin fait une requête
2024-05-11T11:49:28.053Z : Liste d Obstacle bien retournée
2024-05-11T11:51:11.343Z : un Admin fait une requête
2024-05-11T11:51:11.442Z : Liste d Obstacle bien retournée
2024-05-11T11:51:11.548Z : un Admin fait une requête
2024-05-11T11:51:11.650Z : Liste d Obstacle bien retournée
2024-05-11T11:51:11.754Z : un Admin fait une requête
2024-05-11T11:51:11.849Z : Liste d Obstacle bien retournée
2024-05-11T11:51:11.950Z : un Admin fait une requête
2024-05-11T11:51:12.045Z : Liste d Obstacle bien retournée
2024-05-11T11:51:36.335Z : un Admin fait une requête
2024-05-11T11:51:36.432Z : Liste d Obstacle bien retournée
2024-05-11T11:51:36.539Z : un Admin fait une requête
2024-05-11T11:51:36.633Z : Liste d Obstacle bien retournée
2024-05-11T11:51:36.736Z : un Admin fait une requête
2024-05-11T11:51:36.835Z : Liste d Obstacle bien retournée
2024-05-11T11:51:36.950Z : un Admin fait une requête
2024-05-11T11:51:37.046Z : Liste d Obstacle bien retournée
2024-05-11T11:51:40.889Z : un Admin fait une requête
2024-05-11T11:51:40.984Z : Liste d Obstacle bien retournée
2024-05-11T11:51:41.083Z : un Admin fait une requête
2024-05-11T11:51:41.178Z : Liste d Obstacle bien retournée
2024-05-11T11:51:41.364Z : un Admin fait une requête
2024-05-11T11:51:41.458Z : Liste d Obstacle bien retournée
2024-05-11T11:51:41.557Z : un Admin fait une requête
2024-05-11T11:51:41.651Z : Liste d Obstacle bien retournée
2024-05-11T11:52:24.348Z : un Admin fait une requête
2024-05-11T11:52:24.448Z : Liste d Obstacle bien retournée
2024-05-11T11:52:24.559Z : un Admin fait une requête
2024-05-11T11:52:24.666Z : Liste d Obstacle bien retournée
2024-05-11T11:52:24.768Z : un Admin fait une requête
2024-05-11T11:52:24.864Z : Liste d Obstacle bien retournée
2024-05-11T11:52:24.967Z : un Admin fait une requête
2024-05-11T11:52:25.061Z : Liste d Obstacle bien retournée
2024-05-11T11:53:27.351Z : un Admin fait une requête
2024-05-11T11:53:27.448Z : Liste d Obstacle bien retournée
2024-05-11T11:53:27.550Z : un Admin fait une requête
2024-05-11T11:53:27.651Z : Liste d Obstacle bien retournée
2024-05-11T11:53:27.765Z : un Admin fait une requête
2024-05-11T11:53:27.860Z : Liste d Obstacle bien retournée
2024-05-11T11:53:27.961Z : un Admin fait une requête
2024-05-11T11:53:28.056Z : Liste d Obstacle bien retournée
2024-05-11T11:55:05.067Z : un Admin fait une requête
2024-05-11T11:55:05.164Z : Liste d Obstacle bien retournée
2024-05-11T11:55:05.274Z : un Admin fait une requête
2024-05-11T11:55:05.370Z : Liste d Obstacle bien retournée
2024-05-11T11:55:05.475Z : un Admin fait une requête
2024-05-11T11:55:05.570Z : Liste d Obstacle bien retournée
2024-05-11T11:55:05.672Z : un Admin fait une requête
2024-05-11T11:55:05.767Z : Liste d Obstacle bien retournée
2024-05-11T11:55:10.320Z : un Admin fait une requête
2024-05-11T11:55:10.420Z : Liste d Obstacle bien retournée
2024-05-11T11:55:10.530Z : un Admin fait une requête
2024-05-11T11:55:10.625Z : Liste d Obstacle bien retournée
2024-05-11T11:55:10.731Z : un Admin fait une requête
2024-05-11T11:55:10.825Z : Liste d Obstacle bien retournée
2024-05-11T11:55:10.928Z : un Admin fait une requête
2024-05-11T11:55:11.022Z : Liste d Obstacle bien retournée
2024-05-11T11:55:11.235Z : un Admin fait une requête
2024-05-11T11:55:11.330Z : Liste d Obstacle bien retournée
2024-05-11T11:55:11.431Z : un Admin fait une requête
2024-05-11T11:55:11.527Z : Liste d Obstacle bien retournée
2024-05-11T11:55:12.348Z : un Admin fait une requête
2024-05-11T11:55:12.443Z : Liste d Obstacle bien retournée
2024-05-11T11:55:12.544Z : un Admin fait une requête
2024-05-11T11:55:12.647Z : Liste d Obstacle bien retournée
2024-05-11T11:55:15.311Z : un Admin fait une requête
2024-05-11T11:55:15.407Z : Liste d Obstacle bien retournée
2024-05-11T11:55:15.509Z : un Admin fait une requête
2024-05-11T11:55:15.604Z : Liste d Obstacle bien retournée
2024-05-11T11:55:15.720Z : un Admin fait une requête
2024-05-11T11:55:15.817Z : Liste d Obstacle bien retournée
2024-05-11T11:55:15.920Z : un Admin fait une requête
2024-05-11T11:55:16.016Z : Liste d Obstacle bien retournée
2024-05-11T11:55:17.338Z : un Admin fait une requête
2024-05-11T11:55:17.433Z : Liste d Obstacle bien retournée
2024-05-11T11:55:17.536Z : un Admin fait une requête
2024-05-11T11:55:17.633Z : Liste d Obstacle bien retournée
2024-05-11T11:55:17.734Z : un Admin fait une requête
2024-05-11T11:55:17.828Z : Liste d Obstacle bien retournée
2024-05-11T11:55:17.935Z : un Admin fait une requête
2024-05-11T11:55:18.029Z : Liste d Obstacle bien retournée
2024-05-11T11:55:19.343Z : un Admin fait une requête
2024-05-11T11:55:19.439Z : Liste d Obstacle bien retournée
2024-05-11T11:55:19.542Z : un Admin fait une requête
2024-05-11T11:55:19.638Z : Liste d Obstacle bien retournée
2024-05-11T11:55:19.742Z : un Admin fait une requête
2024-05-11T11:55:19.837Z : Liste d Obstacle bien retournée
2024-05-11T11:55:19.939Z : un Admin fait une requête
2024-05-11T11:55:20.033Z : Liste d Obstacle bien retournée
2024-05-11T11:55:21.302Z : un Admin fait une requête
2024-05-11T11:55:21.397Z : Liste d Obstacle bien retournée
2024-05-11T11:55:21.508Z : un Admin fait une requête
2024-05-11T11:55:21.607Z : Liste d Obstacle bien retournée
2024-05-11T11:55:21.709Z : un Admin fait une requête
2024-05-11T11:55:21.810Z : Liste d Obstacle bien retournée
2024-05-11T11:55:21.911Z : un Admin fait une requête
2024-05-11T11:55:22.005Z : Liste d Obstacle bien retournée
2024-05-11T11:55:23.299Z : un Admin fait une requête
2024-05-11T11:55:23.395Z : Liste d Obstacle bien retournée
2024-05-11T11:55:23.501Z : un Admin fait une requête
2024-05-11T11:55:23.596Z : Liste d Obstacle bien retournée
2024-05-11T11:55:23.696Z : un Admin fait une requête
2024-05-11T11:55:23.797Z : Liste d Obstacle bien retournée
2024-05-11T11:55:23.900Z : un Admin fait une requête
2024-05-11T11:55:23.997Z : Liste d Obstacle bien retournée
2024-05-11T11:55:31.351Z : un Admin fait une requête
2024-05-11T11:55:31.451Z : Liste d Obstacle bien retournée
2024-05-11T11:55:31.556Z : un Admin fait une requête
2024-05-11T11:55:31.651Z : Liste d Obstacle bien retournée
2024-05-11T11:55:31.753Z : un Admin fait une requête
2024-05-11T11:55:31.848Z : Liste d Obstacle bien retournée
2024-05-11T11:55:31.949Z : un Admin fait une requête
2024-05-11T11:55:32.045Z : Liste d Obstacle bien retournée
2024-05-11T11:55:32.295Z : un Admin fait une requête
2024-05-11T11:55:32.392Z : Liste d Obstacle bien retournée
2024-05-11T11:55:32.495Z : un Admin fait une requête
2024-05-11T11:55:32.590Z : Liste d Obstacle bien retournée
2024-05-11T11:55:32.691Z : un Admin fait une requête
2024-05-11T11:55:32.785Z : Liste d Obstacle bien retournée
2024-05-11T11:55:32.884Z : un Admin fait une requête
2024-05-11T11:55:32.980Z : Liste d Obstacle bien retournée
2024-05-11T11:55:37.335Z : un Admin fait une requête
2024-05-11T11:55:37.431Z : Liste d Obstacle bien retournée
2024-05-11T11:55:37.532Z : un Admin fait une requête
2024-05-11T11:55:37.626Z : Liste d Obstacle bien retournée
2024-05-11T11:55:37.725Z : un Admin fait une requête
2024-05-11T11:55:37.819Z : Liste d Obstacle bien retournée
2024-05-11T11:55:37.919Z : un Admin fait une requête
2024-05-11T11:55:38.014Z : Liste d Obstacle bien retournée
2024-05-11T11:57:15.199Z : un Admin fait une requête
2024-05-11T11:57:15.295Z : Liste d Obstacle bien retournée
2024-05-11T11:57:15.397Z : un Admin fait une requête
2024-05-11T11:57:15.492Z : Liste d Obstacle bien retournée
2024-05-11T11:57:15.594Z : un Admin fait une requête
2024-05-11T11:57:15.693Z : Liste d Obstacle bien retournée
2024-05-11T11:57:15.795Z : un Admin fait une requête
2024-05-11T11:57:15.889Z : Liste d Obstacle bien retournée
2024-05-11T11:57:20.327Z : un Admin fait une requête
2024-05-11T11:57:20.421Z : Liste d Obstacle bien retournée
2024-05-11T11:57:20.526Z : un Admin fait une requête
2024-05-11T11:57:20.621Z : Liste d Obstacle bien retournée
2024-05-11T11:57:20.722Z : un Admin fait une requête
2024-05-11T11:57:20.817Z : Liste d Obstacle bien retournée
2024-05-11T11:57:20.916Z : un Admin fait une requête
2024-05-11T11:57:21.010Z : Liste d Obstacle bien retournée
2024-05-11T11:57:23.331Z : un Admin fait une requête
2024-05-11T11:57:23.427Z : Liste d Obstacle bien retournée
2024-05-11T11:57:23.531Z : un Admin fait une requête
2024-05-11T11:57:23.625Z : Liste d Obstacle bien retournée
2024-05-11T11:57:23.732Z : un Admin fait une requête
2024-05-11T11:57:23.827Z : Liste d Obstacle bien retournée
2024-05-11T11:57:23.926Z : un Admin fait une requête
2024-05-11T11:57:24.022Z : Liste d Obstacle bien retournée
2024-05-11T11:57:30.327Z : un Admin fait une requête
2024-05-11T11:57:30.433Z : Liste d Obstacle bien retournée
2024-05-11T11:57:30.564Z : un Admin fait une requête
2024-05-11T11:57:30.661Z : Liste d Obstacle bien retournée
2024-05-11T11:57:30.762Z : un Admin fait une requête
2024-05-11T11:57:30.856Z : Liste d Obstacle bien retournée
2024-05-11T11:57:30.962Z : un Admin fait une requête
2024-05-11T11:57:31.104Z : Liste d Obstacle bien retournée
2024-05-11T11:58:17.368Z : un Admin fait une requête
2024-05-11T11:58:17.468Z : Liste d Obstacle bien retournée
2024-05-11T11:58:17.572Z : un Admin fait une requête
2024-05-11T11:58:17.668Z : Liste d Obstacle bien retournée
2024-05-11T11:58:17.771Z : un Admin fait une requête
2024-05-11T11:58:17.868Z : Liste d Obstacle bien retournée
2024-05-11T11:58:17.971Z : un Admin fait une requête
2024-05-11T11:58:18.065Z : Liste d Obstacle bien retournée
2024-05-11T12:00:36.416Z : un Admin fait une requête
2024-05-11T12:00:36.514Z : Liste d Obstacle bien retournée
2024-05-11T12:00:36.623Z : un Admin fait une requête
2024-05-11T12:00:36.717Z : Liste d Obstacle bien retournée
2024-05-11T12:00:36.820Z : un Admin fait une requête
2024-05-11T12:00:36.920Z : Liste d Obstacle bien retournée
2024-05-11T12:00:37.024Z : un Admin fait une requête
2024-05-11T12:00:37.130Z : Liste d Obstacle bien retournée
2024-05-11T12:02:26.353Z : un Admin fait une requête
2024-05-11T12:02:26.448Z : Liste d Obstacle bien retournée
2024-05-11T12:02:26.554Z : un Admin fait une requête
2024-05-11T12:02:26.648Z : Liste d Obstacle bien retournée
2024-05-11T12:02:26.750Z : un Admin fait une requête
2024-05-11T12:02:26.844Z : Liste d Obstacle bien retournée
2024-05-11T12:02:26.944Z : un Admin fait une requête
2024-05-11T12:02:27.040Z : Liste d Obstacle bien retournée
2024-05-11T12:04:19.386Z : un Admin fait une requête
2024-05-11T12:04:19.484Z : Liste d Obstacle bien retournée
2024-05-11T12:04:19.588Z : un Admin fait une requête
2024-05-11T12:04:19.684Z : Liste d Obstacle bien retournée
2024-05-11T12:04:19.786Z : un Admin fait une requête
2024-05-11T12:04:19.884Z : Liste d Obstacle bien retournée
2024-05-11T12:04:19.985Z : un Admin fait une requête
2024-05-11T12:04:20.080Z : Liste d Obstacle bien retournée
2024-05-11T12:05:25.519Z : un Admin fait une requête
2024-05-11T12:05:25.615Z : Liste d Obstacle bien retournée
2024-05-11T12:05:25.716Z : un Admin fait une requête
2024-05-11T12:05:25.810Z : Liste d Obstacle bien retournée
2024-05-11T12:05:25.912Z : un Admin fait une requête
2024-05-11T12:05:26.008Z : Liste d Obstacle bien retournée
2024-05-11T12:05:26.114Z : un Admin fait une requête
2024-05-11T12:05:26.208Z : Liste d Obstacle bien retournée
2024-05-11T12:05:58.324Z : un Admin fait une requête
2024-05-11T12:05:58.422Z : Liste d Obstacle bien retournée
2024-05-11T12:05:58.528Z : un Admin fait une requête
2024-05-11T12:05:58.622Z : Liste d Obstacle bien retournée
2024-05-11T12:05:58.731Z : un Admin fait une requête
2024-05-11T12:05:58.827Z : Liste d Obstacle bien retournée
2024-05-11T12:05:58.928Z : un Admin fait une requête
2024-05-11T12:05:59.022Z : Liste d Obstacle bien retournée
2024-05-11T12:06:04.334Z : un Admin fait une requête
2024-05-11T12:06:04.429Z : Liste d Obstacle bien retournée
2024-05-11T12:06:04.534Z : un Admin fait une requête
2024-05-11T12:06:04.629Z : Liste d Obstacle bien retournée
2024-05-11T12:06:04.731Z : un Admin fait une requête
2024-05-11T12:06:04.827Z : Liste d Obstacle bien retournée
2024-05-11T12:06:04.930Z : un Admin fait une requête
2024-05-11T12:06:05.024Z : Liste d Obstacle bien retournée
2024-05-11T12:06:09.329Z : un Admin fait une requête
2024-05-11T12:06:09.429Z : Liste d Obstacle bien retournée
2024-05-11T12:06:09.529Z : un Admin fait une requête
2024-05-11T12:06:09.623Z : Liste d Obstacle bien retournée
2024-05-11T12:06:09.724Z : un Admin fait une requête
2024-05-11T12:06:09.818Z : Liste d Obstacle bien retournée
2024-05-11T12:06:09.916Z : un Admin fait une requête
2024-05-11T12:06:10.010Z : Liste d Obstacle bien retournée
2024-05-11T12:06:34.706Z : un Admin fait une requête
2024-05-11T12:06:34.800Z : Liste d Obstacle bien retournée
2024-05-11T12:06:34.902Z : un Admin fait une requête
2024-05-11T12:06:34.997Z : Liste d Obstacle bien retournée
2024-05-11T12:06:35.098Z : un Admin fait une requête
2024-05-11T12:06:35.197Z : Liste d Obstacle bien retournée
2024-05-11T12:06:35.298Z : un Admin fait une requête
2024-05-11T12:06:35.392Z : Liste d Obstacle bien retournée
2024-05-11T12:08:02.362Z : un Admin fait une requête
2024-05-11T12:08:02.459Z : Liste d Obstacle bien retournée
2024-05-11T12:08:02.563Z : un Admin fait une requête
2024-05-11T12:08:02.659Z : Liste d Obstacle bien retournée
2024-05-11T12:08:02.768Z : un Admin fait une requête
2024-05-11T12:08:02.865Z : Liste d Obstacle bien retournée
2024-05-11T12:08:02.967Z : un Admin fait une requête
2024-05-11T12:08:03.062Z : Liste d Obstacle bien retournée
2024-05-11T12:09:03.376Z : un Admin fait une requête
2024-05-11T12:09:03.476Z : Liste d Obstacle bien retournée
2024-05-11T12:09:03.583Z : un Admin fait une requête
2024-05-11T12:09:03.679Z : Liste d Obstacle bien retournée
2024-05-11T12:09:03.788Z : un Admin fait une requête
2024-05-11T12:09:03.884Z : Liste d Obstacle bien retournée
2024-05-11T12:09:03.988Z : un Admin fait une requête
2024-05-11T12:09:04.084Z : Liste d Obstacle bien retournée
2024-05-11T12:09:08.312Z : un Admin fait une requête
2024-05-11T12:09:08.406Z : Liste d Obstacle bien retournée
2024-05-11T12:09:08.507Z : un Admin fait une requête
2024-05-11T12:09:08.601Z : Liste d Obstacle bien retournée
2024-05-11T12:09:08.702Z : un Admin fait une requête
2024-05-11T12:09:08.800Z : Liste d Obstacle bien retournée
2024-05-11T12:09:08.901Z : un Admin fait une requête
2024-05-11T12:09:08.997Z : Liste d Obstacle bien retournée
2024-05-11T12:10:01.730Z : un Admin fait une requête
2024-05-11T12:10:01.826Z : Liste d Obstacle bien retournée
2024-05-11T12:10:01.930Z : un Admin fait une requête
2024-05-11T12:10:02.025Z : Liste d Obstacle bien retournée
2024-05-11T12:10:02.125Z : un Admin fait une requête
2024-05-11T12:10:02.231Z : Liste d Obstacle bien retournée
2024-05-11T12:10:02.336Z : un Admin fait une requête
2024-05-11T12:10:02.430Z : Liste d Obstacle bien retournée
2024-05-11T12:10:14.825Z : un Admin fait une requête
2024-05-11T12:10:14.921Z : Liste d Obstacle bien retournée
2024-05-11T12:10:15.027Z : un Admin fait une requête
2024-05-11T12:10:15.123Z : Liste d Obstacle bien retournée
2024-05-11T12:10:15.228Z : un Admin fait une requête
2024-05-11T12:10:15.330Z : Liste d Obstacle bien retournée
2024-05-11T12:10:15.445Z : un Admin fait une requête
2024-05-11T12:10:15.539Z : Liste d Obstacle bien retournée
2024-05-11T12:10:53.072Z : un Admin fait une requête
2024-05-11T12:10:53.167Z : Liste d Obstacle bien retournée
2024-05-11T12:10:53.282Z : un Admin fait une requête
2024-05-11T12:10:53.376Z : Liste d Obstacle bien retournée
2024-05-11T12:10:53.477Z : un Admin fait une requête
2024-05-11T12:10:53.571Z : Liste d Obstacle bien retournée
2024-05-11T12:10:53.671Z : un Admin fait une requête
2024-05-11T12:10:53.765Z : Liste d Obstacle bien retournée
2024-05-11T12:12:16.362Z : un Admin fait une requête
2024-05-11T12:12:16.461Z : Liste d Obstacle bien retournée
2024-05-11T12:12:16.566Z : un Admin fait une requête
2024-05-11T12:12:16.662Z : Liste d Obstacle bien retournée
2024-05-11T12:12:16.765Z : un Admin fait une requête
2024-05-11T12:12:16.865Z : Liste d Obstacle bien retournée
2024-05-11T12:12:16.984Z : un Admin fait une requête
2024-05-11T12:12:17.078Z : Liste d Obstacle bien retournée
2024-05-11T12:12:19.039Z : un Admin fait une requête
2024-05-11T12:12:19.134Z : Liste d Obstacle bien retournée
2024-05-11T12:12:19.241Z : un Admin fait une requête
2024-05-11T12:12:19.348Z : Liste d Obstacle bien retournée
2024-05-11T12:12:19.459Z : un Admin fait une requête
2024-05-11T12:12:19.554Z : Liste d Obstacle bien retournée
2024-05-11T12:12:19.655Z : un Admin fait une requête
2024-05-11T12:12:19.749Z : Liste d Obstacle bien retournée
2024-05-11T12:12:26.290Z : un Admin fait une requête
2024-05-11T12:12:26.390Z : Liste d Obstacle bien retournée
2024-05-11T12:12:26.493Z : un Admin fait une requête
2024-05-11T12:12:26.589Z : Liste d Obstacle bien retournée
2024-05-11T12:12:26.691Z : un Admin fait une requête
2024-05-11T12:12:26.784Z : Liste d Obstacle bien retournée
2024-05-11T12:12:26.885Z : un Admin fait une requête
2024-05-11T12:12:26.980Z : Liste d Obstacle bien retournée
2024-05-11T12:12:27.281Z : un Admin fait une requête
2024-05-11T12:12:27.389Z : Liste d Obstacle bien retournée
2024-05-11T12:12:27.493Z : un Admin fait une requête
2024-05-11T12:12:27.587Z : Liste d Obstacle bien retournée
2024-05-11T12:12:27.689Z : un Admin fait une requête
2024-05-11T12:12:27.783Z : Liste d Obstacle bien retournée
2024-05-11T12:12:27.884Z : un Admin fait une requête
2024-05-11T12:12:27.978Z : Liste d Obstacle bien retournée
2024-05-11T12:13:01.376Z : un Admin fait une requête
2024-05-11T12:13:01.471Z : Liste d Obstacle bien retournée
2024-05-11T12:13:01.576Z : un Admin fait une requête
2024-05-11T12:13:01.676Z : Liste d Obstacle bien retournée
2024-05-11T12:13:01.780Z : un Admin fait une requête
2024-05-11T12:13:01.874Z : Liste d Obstacle bien retournée
2024-05-11T12:13:01.974Z : un Admin fait une requête
2024-05-11T12:13:02.074Z : Liste d Obstacle bien retournée
2024-05-11T12:13:19.439Z : un Admin fait une requête
2024-05-11T12:13:19.538Z : Liste d Obstacle bien retournée
2024-05-11T12:13:19.647Z : un Admin fait une requête
2024-05-11T12:13:19.743Z : Liste d Obstacle bien retournée
2024-05-11T12:13:19.847Z : un Admin fait une requête
2024-05-11T12:13:19.943Z : Liste d Obstacle bien retournée
2024-05-11T12:13:20.045Z : un Admin fait une requête
2024-05-11T12:13:20.139Z : Liste d Obstacle bien retournée
2024-05-11T12:14:14.836Z : un Admin fait une requête
2024-05-11T12:14:14.933Z : Liste d Obstacle bien retournée
2024-05-11T12:14:15.036Z : un Admin fait une requête
2024-05-11T12:14:15.131Z : Liste d Obstacle bien retournée
2024-05-11T12:14:15.235Z : un Admin fait une requête
2024-05-11T12:14:15.330Z : Liste d Obstacle bien retournée
2024-05-11T12:14:15.430Z : un Admin fait une requête
2024-05-11T12:14:15.524Z : Liste d Obstacle bien retournée
2024-05-11T12:14:21.288Z : un Admin fait une requête
2024-05-11T12:14:21.383Z : Liste d Obstacle bien retournée
2024-05-11T12:14:21.508Z : un Admin fait une requête
2024-05-11T12:14:21.602Z : Liste d Obstacle bien retournée
2024-05-11T12:14:21.784Z : un Admin fait une requête
2024-05-11T12:14:21.899Z : Liste d Obstacle bien retournée
2024-05-11T12:14:21.999Z : un Admin fait une requête
2024-05-11T12:14:22.111Z : Liste d Obstacle bien retournée
2024-05-11T12:14:27.322Z : un Admin fait une requête
2024-05-11T12:14:27.419Z : Liste d Obstacle bien retournée
2024-05-11T12:14:27.521Z : un Admin fait une requête
2024-05-11T12:14:27.618Z : Liste d Obstacle bien retournée
2024-05-11T12:14:27.721Z : un Admin fait une requête
2024-05-11T12:14:27.821Z : Liste d Obstacle bien retournée
2024-05-11T12:14:27.923Z : un Admin fait une requête
2024-05-11T12:14:28.017Z : Liste d Obstacle bien retournée
2024-05-11T12:14:29.373Z : un Admin fait une requête
2024-05-11T12:14:29.468Z : Liste d Obstacle bien retournée
2024-05-11T12:14:29.571Z : un Admin fait une requête
2024-05-11T12:14:29.668Z : Liste d Obstacle bien retournée
2024-05-11T12:14:29.772Z : un Admin fait une requête
2024-05-11T12:14:29.868Z : Liste d Obstacle bien retournée
2024-05-11T12:14:29.969Z : un Admin fait une requête
2024-05-11T12:14:30.063Z : Liste d Obstacle bien retournée
2024-05-11T12:14:34.376Z : un Admin fait une requête
2024-05-11T12:14:34.471Z : Liste d Obstacle bien retournée
2024-05-11T12:14:34.575Z : un Admin fait une requête
2024-05-11T12:14:34.671Z : Liste d Obstacle bien retournée
2024-05-11T12:14:34.774Z : un Admin fait une requête
2024-05-11T12:14:34.872Z : Liste d Obstacle bien retournée
2024-05-11T12:14:34.978Z : un Admin fait une requête
2024-05-11T12:14:35.075Z : Liste d Obstacle bien retournée
2024-05-11T12:14:35.387Z : un Admin fait une requête
2024-05-11T12:14:35.482Z : Liste d Obstacle bien retournée
2024-05-11T12:14:35.582Z : un Admin fait une requête
2024-05-11T12:14:35.676Z : Liste d Obstacle bien retournée
2024-05-11T12:14:35.778Z : un Admin fait une requête
2024-05-11T12:14:35.875Z : Liste d Obstacle bien retournée
2024-05-11T12:14:35.975Z : un Admin fait une requête
2024-05-11T12:14:36.069Z : Liste d Obstacle bien retournée
2024-05-11T12:14:43.387Z : un Admin fait une requête
2024-05-11T12:14:43.486Z : Liste d Obstacle bien retournée
2024-05-11T12:14:43.591Z : un Admin fait une requête
2024-05-11T12:14:43.685Z : Liste d Obstacle bien retournée
2024-05-11T12:14:43.787Z : un Admin fait une requête
2024-05-11T12:14:43.882Z : Liste d Obstacle bien retournée
2024-05-11T12:14:43.982Z : un Admin fait une requête
2024-05-11T12:14:44.077Z : Liste d Obstacle bien retournée
2024-05-11T12:14:44.303Z : un Admin fait une requête
2024-05-11T12:14:44.398Z : Liste d Obstacle bien retournée
2024-05-11T12:14:44.498Z : un Admin fait une requête
2024-05-11T12:14:44.593Z : Liste d Obstacle bien retournée
2024-05-11T12:14:44.693Z : un Admin fait une requête
2024-05-11T12:14:44.789Z : Liste d Obstacle bien retournée
2024-05-11T12:14:44.892Z : un Admin fait une requête
2024-05-11T12:14:44.990Z : Liste d Obstacle bien retournée
2024-05-11T12:15:08.298Z : un Admin fait une requête
2024-05-11T12:15:08.393Z : Liste d Obstacle bien retournée
2024-05-11T12:15:08.494Z : un Admin fait une requête
2024-05-11T12:15:08.588Z : Liste d Obstacle bien retournée
2024-05-11T12:15:08.688Z : un Admin fait une requête
2024-05-11T12:15:08.782Z : Liste d Obstacle bien retournée
2024-05-11T12:15:08.880Z : un Admin fait une requête
2024-05-11T12:15:08.974Z : Liste d Obstacle bien retournée
2024-05-11T12:15:27.319Z : un Admin fait une requête
2024-05-11T12:15:27.414Z : Liste d Obstacle bien retournée
2024-05-11T12:15:27.517Z : un Admin fait une requête
2024-05-11T12:15:27.611Z : Liste d Obstacle bien retournée
2024-05-11T12:15:27.712Z : un Admin fait une requête
2024-05-11T12:15:27.806Z : Liste d Obstacle bien retournée
2024-05-11T12:15:27.907Z : un Admin fait une requête
2024-05-11T12:15:28.001Z : Liste d Obstacle bien retournée
2024-05-11T12:15:31.316Z : un Admin fait une requête
2024-05-11T12:15:31.412Z : Liste d Obstacle bien retournée
2024-05-11T12:15:31.511Z : un Admin fait une requête
2024-05-11T12:15:31.605Z : Liste d Obstacle bien retournée
2024-05-11T12:15:31.706Z : un Admin fait une requête
2024-05-11T12:15:31.802Z : Liste d Obstacle bien retournée
2024-05-11T12:15:31.905Z : un Admin fait une requête
2024-05-11T12:15:32.001Z : Liste d Obstacle bien retournée
2024-05-11T12:15:36.335Z : un Admin fait une requête
2024-05-11T12:15:36.431Z : Liste d Obstacle bien retournée
2024-05-11T12:15:36.530Z : un Admin fait une requête
2024-05-11T12:15:36.624Z : Liste d Obstacle bien retournée
2024-05-11T12:15:36.724Z : un Admin fait une requête
2024-05-11T12:15:36.821Z : Liste d Obstacle bien retournée
2024-05-11T12:15:36.923Z : un Admin fait une requête
2024-05-11T12:15:37.017Z : Liste d Obstacle bien retournée
2024-05-11T12:15:58.651Z : un Admin fait une requête
2024-05-11T12:15:58.747Z : Liste d Obstacle bien retournée
2024-05-11T12:15:58.850Z : un Admin fait une requête
2024-05-11T12:15:58.945Z : Liste d Obstacle bien retournée
2024-05-11T12:15:59.045Z : un Admin fait une requête
2024-05-11T12:15:59.139Z : Liste d Obstacle bien retournée
2024-05-11T12:15:59.241Z : un Admin fait une requête
2024-05-11T12:15:59.335Z : Liste d Obstacle bien retournée
2024-05-11T12:16:03.313Z : un Admin fait une requête
2024-05-11T12:16:03.409Z : Liste d Obstacle bien retournée
2024-05-11T12:16:03.511Z : un Admin fait une requête
2024-05-11T12:16:03.606Z : Liste d Obstacle bien retournée
2024-05-11T12:16:03.705Z : un Admin fait une requête
2024-05-11T12:16:03.800Z : Liste d Obstacle bien retournée
2024-05-11T12:16:03.900Z : un Admin fait une requête
2024-05-11T12:16:03.994Z : Liste d Obstacle bien retournée
2024-05-11T12:16:06.293Z : un Admin fait une requête
2024-05-11T12:16:06.388Z : Liste d Obstacle bien retournée
2024-05-11T12:16:06.491Z : un Admin fait une requête
2024-05-11T12:16:06.585Z : Liste d Obstacle bien retournée
2024-05-11T12:16:06.685Z : un Admin fait une requête
2024-05-11T12:16:06.795Z : Liste d Obstacle bien retournée
2024-05-11T12:16:06.894Z : un Admin fait une requête
2024-05-11T12:16:06.989Z : Liste d Obstacle bien retournée
2024-05-11T12:16:10.287Z : un Admin fait une requête
2024-05-11T12:16:10.386Z : Liste d Obstacle bien retournée
2024-05-11T12:16:10.488Z : un Admin fait une requête
2024-05-11T12:16:10.583Z : Liste d Obstacle bien retournée
2024-05-11T12:16:10.685Z : un Admin fait une requête
2024-05-11T12:16:10.779Z : Liste d Obstacle bien retournée
2024-05-11T12:16:10.881Z : un Admin fait une requête
2024-05-11T12:16:10.975Z : Liste d Obstacle bien retournée
2024-05-11T12:16:49.357Z : un Admin fait une requête
2024-05-11T12:16:49.452Z : Liste d Obstacle bien retournée
2024-05-11T12:16:49.558Z : un Admin fait une requête
2024-05-11T12:16:49.653Z : Liste d Obstacle bien retournée
2024-05-11T12:16:49.753Z : un Admin fait une requête
2024-05-11T12:16:49.848Z : Liste d Obstacle bien retournée
2024-05-11T12:16:49.947Z : un Admin fait une requête
2024-05-11T12:16:50.042Z : Liste d Obstacle bien retournée
2024-05-11T12:16:54.304Z : un Admin fait une requête
2024-05-11T12:16:54.400Z : Liste d Obstacle bien retournée
2024-05-11T12:16:54.501Z : un Admin fait une requête
2024-05-11T12:16:54.598Z : Liste d Obstacle bien retournée
2024-05-11T12:16:54.702Z : un Admin fait une requête
2024-05-11T12:16:54.800Z : Liste d Obstacle bien retournée
2024-05-11T12:16:54.902Z : un Admin fait une requête
2024-05-11T12:16:54.999Z : Liste d Obstacle bien retournée
2024-05-11T12:17:15.373Z : un Admin fait une requête
2024-05-11T12:17:15.468Z : Liste d Obstacle bien retournée
2024-05-11T12:17:15.572Z : un Admin fait une requête
2024-05-11T12:17:15.670Z : Liste d Obstacle bien retournée
2024-05-11T12:17:15.774Z : un Admin fait une requête
2024-05-11T12:17:15.870Z : Liste d Obstacle bien retournée
2024-05-11T12:17:15.971Z : un Admin fait une requête
2024-05-11T12:17:16.065Z : Liste d Obstacle bien retournée
2024-05-11T12:17:18.296Z : un Admin fait une requête
2024-05-11T12:17:18.391Z : Liste d Obstacle bien retournée
2024-05-11T12:17:18.494Z : un Admin fait une requête
2024-05-11T12:17:18.594Z : Liste d Obstacle bien retournée
2024-05-11T12:17:18.696Z : un Admin fait une requête
2024-05-11T12:17:18.790Z : Liste d Obstacle bien retournée
2024-05-11T12:17:18.891Z : un Admin fait une requête
2024-05-11T12:17:18.989Z : Liste d Obstacle bien retournée
2024-05-11T12:18:16.477Z : un Admin fait une requête
2024-05-11T12:18:16.571Z : Liste d Obstacle bien retournée
2024-05-11T12:18:16.672Z : un Admin fait une requête
2024-05-11T12:18:16.766Z : Liste d Obstacle bien retournée
2024-05-11T12:18:17.272Z : un Admin fait une requête
2024-05-11T12:18:17.366Z : Liste d Obstacle bien retournée
2024-05-11T12:18:17.466Z : un Admin fait une requête
2024-05-11T12:18:17.560Z : Liste d Obstacle bien retournée
2024-05-11T12:20:16.641Z : un Admin fait une requête
2024-05-11T12:20:16.737Z : Liste d Obstacle bien retournée
2024-05-11T12:20:16.839Z : un Admin fait une requête
2024-05-11T12:20:16.937Z : Liste d Obstacle bien retournée
2024-05-11T12:20:17.292Z : un Admin fait une requête
2024-05-11T12:20:17.387Z : Liste d Obstacle bien retournée
2024-05-11T12:20:17.487Z : un Admin fait une requête
2024-05-11T12:20:17.582Z : Liste d Obstacle bien retournée
2024-05-11T12:20:22.023Z : un Admin fait une requête
2024-05-11T12:20:22.139Z : test bien créé
2024-05-11T12:21:10.351Z : un Admin fait une requête
2024-05-11T12:21:10.448Z : Liste d Obstacle bien retournée
2024-05-11T12:21:10.553Z : un Admin fait une requête
2024-05-11T12:21:10.649Z : Liste d Obstacle bien retournée
2024-05-11T12:21:10.750Z : un Admin fait une requête
2024-05-11T12:21:10.848Z : Liste d Obstacle bien retournée
2024-05-11T12:21:10.949Z : un Admin fait une requête
2024-05-11T12:21:11.043Z : Liste d Obstacle bien retournée
2024-05-11T12:27:05.368Z : un Admin fait une requête
2024-05-11T12:27:05.464Z : Liste d Obstacle bien retournée
2024-05-11T12:27:05.566Z : un Admin fait une requête
2024-05-11T12:27:05.661Z : Liste d Obstacle bien retournée
2024-05-11T12:27:05.765Z : un Admin fait une requête
2024-05-11T12:27:05.860Z : Liste d Obstacle bien retournée
2024-05-11T12:27:05.961Z : un Admin fait une requête
2024-05-11T12:27:06.056Z : Liste d Obstacle bien retournée
2024-05-11T12:27:25.354Z : un Admin fait une requête
2024-05-11T12:27:25.451Z : Liste d Obstacle bien retournée
2024-05-11T12:27:25.556Z : un Admin fait une requête
2024-05-11T12:27:25.651Z : Liste d Obstacle bien retournée
2024-05-11T12:27:25.766Z : un Admin fait une requête
2024-05-11T12:27:25.867Z : Liste d Obstacle bien retournée
2024-05-11T12:27:25.972Z : un Admin fait une requête
2024-05-11T12:27:26.068Z : Liste d Obstacle bien retournée
2024-05-11T12:27:46.316Z : un Admin fait une requête
2024-05-11T12:27:46.417Z : Liste d Obstacle bien retournée
2024-05-11T12:27:46.524Z : un Admin fait une requête
2024-05-11T12:27:46.620Z : Liste d Obstacle bien retournée
2024-05-11T12:27:46.731Z : un Admin fait une requête
2024-05-11T12:27:46.827Z : Liste d Obstacle bien retournée
2024-05-11T12:27:46.931Z : un Admin fait une requête
2024-05-11T12:27:47.030Z : Liste d Obstacle bien retournée
2024-05-11T12:30:11.828Z : un Admin fait une requête
2024-05-11T12:30:11.922Z : Liste d Obstacle bien retournée
2024-05-11T12:30:12.026Z : un Admin fait une requête
2024-05-11T12:30:12.122Z : Liste d Obstacle bien retournée
2024-05-11T12:30:12.426Z : un Admin fait une requête
2024-05-11T12:30:12.520Z : Liste d Obstacle bien retournée
2024-05-11T12:30:12.623Z : un Admin fait une requête
2024-05-11T12:30:12.719Z : Liste d Obstacle bien retournée
2024-05-11T12:31:37.413Z : un Admin fait une requête
2024-05-11T12:31:37.535Z : test bien créé
2024-05-11T12:32:22.929Z : un Admin fait une requête
2024-05-11T12:32:23.033Z : test bien créé
2024-05-11T12:33:25.371Z : un Admin fait une requête
2024-05-11T12:33:25.466Z : Liste d Obstacle bien retournée
2024-05-11T12:33:25.580Z : un Admin fait une requête
2024-05-11T12:33:25.676Z : Liste d Obstacle bien retournée
2024-05-11T12:33:25.781Z : un Admin fait une requête
2024-05-11T12:33:25.875Z : Liste d Obstacle bien retournée
2024-05-11T12:33:25.976Z : un Admin fait une requête
2024-05-11T12:33:26.070Z : Liste d Obstacle bien retournée
2024-05-11T12:33:27.340Z : un Admin fait une requête
2024-05-11T12:33:27.435Z : Liste d Obstacle bien retournée
2024-05-11T12:33:27.538Z : un Admin fait une requête
2024-05-11T12:33:27.634Z : Liste d Obstacle bien retournée
2024-05-11T12:33:27.737Z : un Admin fait une requête
2024-05-11T12:33:27.832Z : Liste d Obstacle bien retournée
2024-05-11T12:33:27.931Z : un Admin fait une requête
2024-05-11T12:33:28.028Z : Liste d Obstacle bien retournée
2024-05-11T12:33:40.353Z : un Admin fait une requête
2024-05-11T12:33:40.449Z : Liste d Obstacle bien retournée
2024-05-11T12:33:40.553Z : un Admin fait une requête
2024-05-11T12:33:40.648Z : Liste d Obstacle bien retournée
2024-05-11T12:33:40.750Z : un Admin fait une requête
2024-05-11T12:33:40.844Z : Liste d Obstacle bien retournée
2024-05-11T12:33:40.946Z : un Admin fait une requête
2024-05-11T12:33:41.040Z : Liste d Obstacle bien retournée
2024-05-11T12:33:42.309Z : un Admin fait une requête
2024-05-11T12:33:42.404Z : Liste d Obstacle bien retournée
2024-05-11T12:33:42.508Z : un Admin fait une requête
2024-05-11T12:33:42.610Z : Liste d Obstacle bien retournée
2024-05-11T12:33:42.719Z : un Admin fait une requête
2024-05-11T12:33:42.814Z : Liste d Obstacle bien retournée
2024-05-11T12:33:42.917Z : un Admin fait une requête
2024-05-11T12:33:43.013Z : Liste d Obstacle bien retournée
2024-05-11T12:33:49.304Z : un Admin fait une requête
2024-05-11T12:33:49.400Z : Liste d Obstacle bien retournée
2024-05-11T12:33:49.510Z : un Admin fait une requête
2024-05-11T12:33:49.605Z : Liste d Obstacle bien retournée
2024-05-11T12:33:49.707Z : un Admin fait une requête
2024-05-11T12:33:49.803Z : Liste d Obstacle bien retournée
2024-05-11T12:33:49.905Z : un Admin fait une requête
2024-05-11T12:33:49.999Z : Liste d Obstacle bien retournée
2024-05-11T12:33:52.303Z : un Admin fait une requête
2024-05-11T12:33:52.398Z : Liste d Obstacle bien retournée
2024-05-11T12:33:52.501Z : un Admin fait une requête
2024-05-11T12:33:52.597Z : Liste d Obstacle bien retournée
2024-05-11T12:33:52.697Z : un Admin fait une requête
2024-05-11T12:33:52.792Z : Liste d Obstacle bien retournée
2024-05-11T12:33:52.894Z : un Admin fait une requête
2024-05-11T12:33:52.988Z : Liste d Obstacle bien retournée
2024-05-11T12:34:12.076Z : un Admin fait une requête
2024-05-11T12:34:12.171Z : Liste d Obstacle bien retournée
2024-05-11T12:34:12.277Z : un Admin fait une requête
2024-05-11T12:34:12.373Z : Liste d Obstacle bien retournée
2024-05-11T12:34:12.478Z : un Admin fait une requête
2024-05-11T12:34:12.574Z : Liste d Obstacle bien retournée
2024-05-11T12:34:12.679Z : un Admin fait une requête
2024-05-11T12:34:12.774Z : Liste d Obstacle bien retournée
2024-05-11T12:34:47.342Z : un Admin fait une requête
2024-05-11T12:34:47.438Z : Liste d Obstacle bien retournée
2024-05-11T12:34:47.543Z : un Admin fait une requête
2024-05-11T12:34:47.640Z : Liste d Obstacle bien retournée
2024-05-11T12:34:47.744Z : un Admin fait une requête
2024-05-11T12:34:47.839Z : Liste d Obstacle bien retournée
2024-05-11T12:34:47.940Z : un Admin fait une requête
2024-05-11T12:34:48.035Z : Liste d Obstacle bien retournée
2024-05-11T12:34:52.328Z : un Admin fait une requête
2024-05-11T12:34:52.423Z : Liste d Obstacle bien retournée
2024-05-11T12:34:52.534Z : un Admin fait une requête
2024-05-11T12:34:52.628Z : Liste d Obstacle bien retournée
2024-05-11T12:34:52.728Z : un Admin fait une requête
2024-05-11T12:34:52.825Z : Liste d Obstacle bien retournée
2024-05-11T12:34:52.925Z : un Admin fait une requête
2024-05-11T12:34:53.019Z : Liste d Obstacle bien retournée
2024-05-11T12:35:25.853Z : un Admin fait une requête
2024-05-11T12:35:25.948Z : Liste d Obstacle bien retournée
2024-05-11T12:35:26.077Z : un Admin fait une requête
2024-05-11T12:35:26.218Z : Liste d Obstacle bien retournée
2024-05-11T12:35:26.317Z : un Admin fait une requête
2024-05-11T12:35:26.422Z : Liste d Obstacle bien retournée
2024-05-11T12:35:26.521Z : un Admin fait une requête
2024-05-11T12:35:26.615Z : Liste d Obstacle bien retournée
2024-05-11T12:35:55.511Z : un Admin fait une requête
2024-05-11T12:35:55.609Z : Liste d Obstacle bien retournée
2024-05-11T12:35:55.711Z : un Admin fait une requête
2024-05-11T12:35:55.806Z : Liste d Obstacle bien retournée
2024-05-11T12:35:55.907Z : un Admin fait une requête
2024-05-11T12:35:56.001Z : Liste d Obstacle bien retournée
2024-05-11T12:35:56.103Z : un Admin fait une requête
2024-05-11T12:35:56.197Z : Liste d Obstacle bien retournée
2024-05-11T12:37:25.107Z : un Admin fait une requête
2024-05-11T12:37:25.204Z : Liste d Obstacle bien retournée
2024-05-11T12:37:25.309Z : un Admin fait une requête
2024-05-11T12:37:25.403Z : Liste d Obstacle bien retournée
2024-05-11T12:37:25.503Z : un Admin fait une requête
2024-05-11T12:37:25.598Z : Liste d Obstacle bien retournée
2024-05-11T12:37:25.697Z : un Admin fait une requête
2024-05-11T12:37:25.793Z : Liste d Obstacle bien retournée
2024-05-11T12:37:42.347Z : un Admin fait une requête
2024-05-11T12:37:42.444Z : Liste d Obstacle bien retournée
2024-05-11T12:37:42.548Z : un Admin fait une requête
2024-05-11T12:37:42.644Z : Liste d Obstacle bien retournée
2024-05-11T12:37:42.746Z : un Admin fait une requête
2024-05-11T12:37:42.845Z : Liste d Obstacle bien retournée
2024-05-11T12:37:42.947Z : un Admin fait une requête
2024-05-11T12:37:43.060Z : Liste d Obstacle bien retournée
2024-05-11T13:40:00.310Z : un Admin fait une requête
2024-05-11T13:40:00.425Z : Liste de level bien retournée
2024-05-11T13:43:37.752Z : un Admin fait une requête
2024-05-11T13:43:37.853Z : Liste de level bien retournée
2024-05-11T13:44:30.511Z : un Admin fait une requête
2024-05-11T13:44:30.610Z : Liste de level bien retournée
2024-05-11T13:44:43.719Z : un Admin fait une requête
2024-05-11T13:44:43.820Z : Liste de level bien retournée
2024-05-11T13:47:22.240Z : un Admin fait une requête
2024-05-11T13:47:22.340Z : Liste de level bien retournée
2024-05-11T13:47:44.297Z : un Admin fait une requête
2024-05-11T13:47:44.394Z : Liste de level bien retournée
2024-05-11T13:48:47.953Z : un Admin fait une requête
2024-05-11T13:48:48.049Z : Liste de level bien retournée
2024-05-11T13:49:25.899Z : un Admin fait une requête
2024-05-11T13:49:25.995Z : Liste de level bien retournée
2024-05-11T13:49:43.263Z : un Admin fait une requête
2024-05-11T13:49:43.358Z : Liste de level bien retournée
2024-05-11T13:49:49.263Z : un Admin fait une requête
2024-05-11T13:49:49.358Z : Liste de level bien retournée
2024-05-11T13:50:24.455Z : un Admin fait une requête
2024-05-11T13:50:24.551Z : Liste de level bien retournée
2024-05-11T13:51:08.566Z : un Admin fait une requête
2024-05-11T13:51:08.662Z : Liste de level bien retournée
2024-05-11T13:51:24.397Z : un Admin fait une requête
2024-05-11T13:51:24.494Z : Liste de level bien retournée
2024-05-11T13:53:52.710Z : un Admin fait une requête
2024-05-11T13:53:52.810Z : Liste de level bien retournée
2024-05-11T14:00:32.426Z : un Admin fait une requête
2024-05-11T14:00:32.557Z : Liste de level bien retournée
2024-05-11T14:00:50.218Z : un Admin fait une requête
2024-05-11T14:00:50.348Z : Liste d Obstacle bien retournée
2024-05-11T14:00:50.486Z : un Admin fait une requête
2024-05-11T14:00:50.615Z : Liste d Obstacle bien retournée
2024-05-11T14:01:40.057Z : un Admin fait une requête
2024-05-11T14:01:40.168Z : Liste de level bien retournée
2024-05-11T14:02:06.585Z : un Admin fait une requête
2024-05-11T14:02:06.686Z : Liste de level bien retournée
2024-05-11T14:02:23.456Z : un Admin fait une requête
2024-05-11T14:02:23.572Z : Liste de level bien retournée
2024-05-11T14:02:37.179Z : un Admin fait une requête
2024-05-11T14:02:37.288Z : Liste de level bien retournée
2024-05-11T14:02:40.889Z : un Admin fait une requête
2024-05-11T14:02:41.002Z : Liste de level bien retournée
2024-05-11T14:02:42.599Z : un Admin fait une requête
2024-05-11T14:02:42.709Z : Liste d Obstacle bien retournée
2024-05-11T14:02:42.825Z : un Admin fait une requête
2024-05-11T14:02:42.938Z : Liste d Obstacle bien retournée
2024-05-11T14:03:05.737Z : un Admin fait une requête
2024-05-11T14:03:05.849Z : Liste de level bien retournée
2024-05-11T14:03:07.964Z : un Admin fait une requête
2024-05-11T14:03:08.062Z : Liste d Obstacle bien retournée
2024-05-11T14:03:08.163Z : un Admin fait une requête
2024-05-11T14:03:08.257Z : Liste d Obstacle bien retournée
2024-05-11T14:03:26.128Z : un Admin fait une requête
2024-05-11T14:03:26.250Z : Liste d Obstacle bien retournée
2024-05-11T14:03:26.378Z : un Admin fait une requête
2024-05-11T14:03:26.531Z : Liste d Obstacle bien retournée
2024-05-11T14:04:39.245Z : un Admin fait une requête
2024-05-11T14:04:39.393Z : test real bien créé
2024-05-11T14:05:00.293Z : un Admin fait une requête
2024-05-11T14:05:00.411Z : Liste de level bien retournée
2024-05-11T14:05:02.093Z : un Admin fait une requête
2024-05-11T14:05:02.216Z : Liste d Obstacle bien retournée
2024-05-11T14:05:02.340Z : un Admin fait une requête
2024-05-11T14:05:02.464Z : Liste d Obstacle bien retournée
2024-05-11T14:07:20.997Z : un Admin fait une requête
2024-05-11T14:07:21.102Z : Liste d Obstacle bien retournée
2024-05-11T14:07:21.212Z : un Admin fait une requête
2024-05-11T14:07:21.321Z : Liste d Obstacle bien retournée
2024-05-11T14:07:30.173Z : un Admin fait une requête
2024-05-11T14:07:30.289Z : Liste de level bien retournée
2024-05-11T14:07:32.038Z : un Admin fait une requête
2024-05-11T14:07:32.175Z : Liste d Obstacle bien retournée
2024-05-11T14:07:32.306Z : un Admin fait une requête
2024-05-11T14:07:32.429Z : Liste d Obstacle bien retournée
2024-05-11T14:09:48.541Z : un Admin fait une requête
2024-05-11T14:09:48.635Z : Liste d Obstacle bien retournée
2024-05-11T14:09:48.738Z : un Admin fait une requête
2024-05-11T14:09:48.835Z : Liste d Obstacle bien retournée
2024-05-11T14:09:52.666Z : un Admin fait une requête
2024-05-11T14:09:52.763Z : Liste de level bien retournée
2024-05-11T14:09:56.558Z : un Admin fait une requête
2024-05-11T14:09:56.655Z : Liste d Obstacle bien retournée
2024-05-11T14:09:56.760Z : un Admin fait une requête
2024-05-11T14:09:56.856Z : Liste d Obstacle bien retournée
2024-05-11T14:11:16.396Z : un Admin fait une requête
2024-05-11T14:11:16.495Z : Liste d Obstacle bien retournée
2024-05-11T14:11:16.602Z : un Admin fait une requête
2024-05-11T14:11:16.700Z : Liste d Obstacle bien retournée
2024-05-11T14:11:21.419Z : un Admin fait une requête
2024-05-11T14:11:21.520Z : Liste d Obstacle bien retournée
2024-05-11T14:11:21.624Z : un Admin fait une requête
2024-05-11T14:11:21.719Z : Liste d Obstacle bien retournée
2024-05-11T14:11:24.126Z : un Admin fait une requête
2024-05-11T14:11:24.232Z : Liste de level bien retournée
2024-05-11T14:11:26.207Z : un Admin fait une requête
2024-05-11T14:11:26.301Z : Liste d Obstacle bien retournée
2024-05-11T14:11:26.405Z : un Admin fait une requête
2024-05-11T14:11:26.503Z : Liste d Obstacle bien retournée
2024-05-11T14:11:50.384Z : un Admin fait une requête
2024-05-11T14:11:50.481Z : Liste d Obstacle bien retournée
2024-05-11T14:11:50.583Z : un Admin fait une requête
2024-05-11T14:11:50.682Z : Liste d Obstacle bien retournée
2024-05-11T14:11:56.397Z : un Admin fait une requête
2024-05-11T14:11:56.495Z : Liste d Obstacle bien retournée
2024-05-11T14:12:02.458Z : un Admin fait une requête
2024-05-11T14:12:02.553Z : Liste d Obstacle bien retournée
2024-05-11T14:12:07.377Z : un Admin fait une requête
2024-05-11T14:12:07.475Z : Liste d Obstacle bien retournée
2024-05-11T14:12:07.580Z : un Admin fait une requête
2024-05-11T14:12:07.677Z : Liste d Obstacle bien retournée
2024-05-11T14:12:10.221Z : un Admin fait une requête
2024-05-11T14:12:10.323Z : Liste de level bien retournée
2024-05-11T14:12:12.258Z : un Admin fait une requête
2024-05-11T14:12:12.352Z : Liste d Obstacle bien retournée
2024-05-11T14:12:12.451Z : un Admin fait une requête
2024-05-11T14:12:12.551Z : Liste d Obstacle bien retournée
2024-05-11T14:12:27.380Z : un Admin fait une requête
2024-05-11T14:12:27.474Z : Liste d Obstacle bien retournée
2024-05-11T14:12:27.575Z : un Admin fait une requête
2024-05-11T14:12:27.670Z : Liste d Obstacle bien retournée
2024-05-11T14:12:36.107Z : un Admin fait une requête
2024-05-11T14:12:36.203Z : Liste d Obstacle bien retournée
2024-05-11T14:12:36.305Z : un Admin fait une requête
2024-05-11T14:12:36.401Z : Liste d Obstacle bien retournée
2024-05-11T14:12:39.429Z : un Admin fait une requête
2024-05-11T14:12:39.524Z : Liste de level bien retournée
2024-05-11T14:12:41.268Z : un Admin fait une requête
2024-05-11T14:12:41.373Z : Liste d Obstacle bien retournée
2024-05-11T14:12:41.489Z : un Admin fait une requête
2024-05-11T14:12:41.596Z : Liste d Obstacle bien retournée
2024-05-11T14:12:52.400Z : un Admin fait une requête
2024-05-11T14:12:52.498Z : Liste d Obstacle bien retournée
2024-05-11T14:12:52.601Z : un Admin fait une requête
2024-05-11T14:12:52.701Z : Liste d Obstacle bien retournée
2024-05-11T14:13:06.886Z : un Admin fait une requête
2024-05-11T14:13:06.986Z : Liste d Obstacle bien retournée
2024-05-11T14:13:07.095Z : un Admin fait une requête
2024-05-11T14:13:07.203Z : Liste d Obstacle bien retournée
2024-05-11T14:13:08.374Z : un Admin fait une requête
2024-05-11T14:13:08.471Z : Liste d Obstacle bien retournée
2024-05-11T14:13:14.386Z : un Admin fait une requête
2024-05-11T14:13:14.483Z : Liste d Obstacle bien retournée
2024-05-11T14:13:15.429Z : un Admin fait une requête
2024-05-11T14:13:15.534Z : Liste d Obstacle bien retournée
2024-05-11T14:13:15.638Z : un Admin fait une requête
2024-05-11T14:13:15.743Z : Liste d Obstacle bien retournée
2024-05-11T14:13:17.691Z : un Admin fait une requête
2024-05-11T14:13:17.785Z : Liste de level bien retournée
2024-05-11T14:13:19.577Z : un Admin fait une requête
2024-05-11T14:13:19.684Z : Liste d Obstacle bien retournée
2024-05-11T14:13:19.798Z : un Admin fait une requête
2024-05-11T14:13:19.906Z : Liste d Obstacle bien retournée
2024-05-11T14:14:01.413Z : un Admin fait une requête
2024-05-11T14:14:01.511Z : Liste d Obstacle bien retournée
2024-05-11T14:14:01.615Z : un Admin fait une requête
2024-05-11T14:14:01.713Z : Liste d Obstacle bien retournée
2024-05-11T14:14:07.422Z : un Admin fait une requête
2024-05-11T14:14:07.535Z : Liste d Obstacle bien retournée
2024-05-11T14:14:07.652Z : un Admin fait une requête
2024-05-11T14:14:07.755Z : Liste d Obstacle bien retournée
2024-05-11T14:14:10.378Z : un Admin fait une requête
2024-05-11T14:14:10.481Z : Liste de level bien retournée
2024-05-11T14:14:12.386Z : un Admin fait une requête
2024-05-11T14:14:12.487Z : Liste d Obstacle bien retournée
2024-05-11T14:14:12.591Z : un Admin fait une requête
2024-05-11T14:14:12.689Z : Liste d Obstacle bien retournée
2024-05-11T14:15:13.411Z : un Admin fait une requête
2024-05-11T14:15:13.519Z : Liste d Obstacle bien retournée
2024-05-11T14:15:13.631Z : un Admin fait une requête
2024-05-11T14:15:13.736Z : Liste d Obstacle bien retournée
2024-05-11T14:15:17.061Z : un Admin fait une requête
2024-05-11T14:15:17.161Z : Liste de level bien retournée
2024-05-11T14:15:20.794Z : un Admin fait une requête
2024-05-11T14:15:20.897Z : Liste d Obstacle bien retournée
2024-05-11T14:15:21.009Z : un Admin fait une requête
2024-05-11T14:15:21.109Z : Liste d Obstacle bien retournée
2024-05-11T14:15:39.447Z : un Admin fait une requête
2024-05-11T14:15:39.544Z : Liste d Obstacle bien retournée
2024-05-11T14:15:39.649Z : un Admin fait une requête
2024-05-11T14:15:39.749Z : Liste d Obstacle bien retournée
2024-05-11T14:16:13.369Z : un Admin fait une requête
2024-05-11T14:16:13.467Z : Liste d Obstacle bien retournée
2024-05-11T14:16:13.572Z : un Admin fait une requête
2024-05-11T14:16:13.670Z : Liste d Obstacle bien retournée
2024-05-11T14:16:16.720Z : un Admin fait une requête
2024-05-11T14:16:16.815Z : Liste de level bien retournée
2024-05-11T14:16:18.732Z : un Admin fait une requête
2024-05-11T14:16:18.827Z : Liste d Obstacle bien retournée
2024-05-11T14:16:18.926Z : un Admin fait une requête
2024-05-11T14:16:19.023Z : Liste d Obstacle bien retournée
2024-05-11T14:16:27.447Z : un Admin fait une requête
2024-05-11T14:16:27.546Z : Liste d Obstacle bien retournée
2024-05-11T14:16:27.654Z : un Admin fait une requête
2024-05-11T14:16:27.750Z : Liste d Obstacle bien retournée
2024-05-11T14:16:30.206Z : un Admin fait une requête
2024-05-11T14:16:30.304Z : Liste de level bien retournée
2024-05-11T14:16:32.443Z : un Admin fait une requête
2024-05-11T14:16:32.552Z : Liste d Obstacle bien retournée
2024-05-11T14:16:32.662Z : un Admin fait une requête
2024-05-11T14:16:32.765Z : Liste d Obstacle bien retournée
2024-05-11T14:16:38.498Z : un Admin fait une requête
2024-05-11T14:16:38.595Z : Liste d Obstacle bien retournée
2024-05-11T14:16:38.708Z : un Admin fait une requête
2024-05-11T14:16:38.809Z : Liste d Obstacle bien retournée
2024-05-11T14:16:39.420Z : un Admin fait une requête
2024-05-11T14:16:39.518Z : Liste d Obstacle bien retournée
2024-05-11T14:16:39.625Z : un Admin fait une requête
2024-05-11T14:16:39.721Z : Liste d Obstacle bien retournée
2024-05-11T14:17:38.379Z : un Admin fait une requête
2024-05-11T14:17:38.478Z : Liste d Obstacle bien retournée
2024-05-11T14:17:38.582Z : un Admin fait une requête
2024-05-11T14:17:38.689Z : Liste d Obstacle bien retournée
2024-05-11T14:17:43.419Z : un Admin fait une requête
2024-05-11T14:17:43.517Z : Liste d Obstacle bien retournée
2024-05-11T14:17:43.620Z : un Admin fait une requête
2024-05-11T14:17:43.723Z : Liste d Obstacle bien retournée
2024-05-11T14:17:59.715Z : un Admin fait une requête
2024-05-11T14:17:59.813Z : Liste d Obstacle bien retournée
2024-05-11T14:17:59.916Z : un Admin fait une requête
2024-05-11T14:18:00.015Z : Liste d Obstacle bien retournée
2024-05-11T14:18:12.459Z : un Admin fait une requête
2024-05-11T14:18:12.579Z : Liste d Obstacle bien retournée
2024-05-11T14:18:12.703Z : un Admin fait une requête
2024-05-11T14:18:12.814Z : Liste d Obstacle bien retournée
2024-05-11T14:18:16.618Z : un Admin fait une requête
2024-05-11T14:18:16.725Z : Liste de level bien retournée
2024-05-11T14:18:17.772Z : un Admin fait une requête
2024-05-11T14:18:17.894Z : Liste d Obstacle bien retournée
2024-05-11T14:18:18.017Z : un Admin fait une requête
2024-05-11T14:18:18.137Z : Liste d Obstacle bien retournée
2024-05-11T14:26:19.491Z : un Admin fait une requête
2024-05-11T14:26:19.611Z : Liste d Obstacle bien retournée
2024-05-11T14:26:19.733Z : un Admin fait une requête
2024-05-11T14:26:19.844Z : Liste d Obstacle bien retournée
2024-05-11T14:26:24.184Z : un Admin fait une requête
2024-05-11T14:26:24.310Z : Liste d Obstacle bien retournée
2024-05-11T14:26:24.443Z : un Admin fait une requête
2024-05-11T14:26:24.569Z : Liste d Obstacle bien retournée
2024-05-11T14:35:57.469Z : un Admin fait une requête
2024-05-11T14:35:57.604Z : Liste de level bien retournée
2024-05-11T14:35:58.849Z : un Admin fait une requête
2024-05-11T14:35:58.979Z : Liste d Obstacle bien retournée
2024-05-11T14:35:59.125Z : un Admin fait une requête
2024-05-11T14:35:59.260Z : Liste d Obstacle bien retournée
2024-05-11T14:37:16.234Z : un Admin fait une requête
2024-05-11T14:37:16.366Z : Liste d Obstacle bien retournée
2024-05-11T14:37:16.510Z : un Admin fait une requête
2024-05-11T14:37:16.653Z : Liste d Obstacle bien retournée
2024-05-11T14:41:09.146Z : un Admin fait une requête
2024-05-11T14:41:09.265Z : Liste d Obstacle bien retournée
2024-05-11T14:41:09.393Z : un Admin fait une requête
2024-05-11T14:41:09.511Z : Liste d Obstacle bien retournée
2024-05-11T14:41:15.377Z : un Admin fait une requête
2024-05-11T14:41:15.496Z : Liste de level bien retournée
2024-05-11T14:41:16.967Z : un Admin fait une requête
2024-05-11T14:41:17.087Z : Liste d Obstacle bien retournée
2024-05-11T14:41:17.212Z : un Admin fait une requête
2024-05-11T14:41:17.339Z : Liste d Obstacle bien retournée
2024-05-11T14:41:34.401Z : un Admin fait une requête
2024-05-11T14:41:34.529Z : Liste d Obstacle bien retournée
2024-05-11T14:41:34.669Z : un Admin fait une requête
2024-05-11T14:41:34.794Z : Liste d Obstacle bien retournée
2024-05-11T14:43:29.639Z : un Admin fait une requête
2024-05-11T14:43:29.752Z : Liste d Obstacle bien retournée
2024-05-11T14:43:29.872Z : un Admin fait une requête
2024-05-11T14:43:29.986Z : Liste d Obstacle bien retournée
2024-05-11T14:43:35.338Z : un Admin fait une requête
2024-05-11T14:43:35.465Z : Liste de level bien retournée
2024-05-11T14:43:37.363Z : un Admin fait une requête
2024-05-11T14:43:37.494Z : Liste d Obstacle bien retournée
2024-05-11T14:43:37.636Z : un Admin fait une requête
2024-05-11T14:43:37.772Z : Liste d Obstacle bien retournée
2024-05-11T14:43:50.062Z : un Admin fait une requête
2024-05-11T14:43:50.200Z : Liste d Obstacle bien retournée
2024-05-11T14:43:50.348Z : un Admin fait une requête
2024-05-11T14:43:50.488Z : Liste d Obstacle bien retournée
2024-05-11T14:44:44.348Z : un Admin fait une requête
2024-05-11T14:44:44.473Z : Liste d Obstacle bien retournée
2024-05-11T14:44:44.606Z : un Admin fait une requête
2024-05-11T14:44:44.728Z : Liste d Obstacle bien retournée
2024-05-11T14:45:08.437Z : un Admin fait une requête
2024-05-11T14:45:08.563Z : Liste d Obstacle bien retournée
2024-05-11T14:45:08.684Z : un Admin fait une requête
2024-05-11T14:45:08.795Z : Liste d Obstacle bien retournée
2024-05-11T14:45:09.412Z : un Admin fait une requête
2024-05-11T14:45:09.530Z : Liste d Obstacle bien retournée
2024-05-11T14:45:09.690Z : un Admin fait une requête
2024-05-11T14:45:09.808Z : Liste d Obstacle bien retournée
2024-05-11T14:45:30.059Z : un Admin fait une requête
2024-05-11T14:45:30.199Z : Liste d Obstacle bien retournée
2024-05-11T14:45:30.343Z : un Admin fait une requête
2024-05-11T14:45:30.484Z : Liste d Obstacle bien retournée
2024-05-11T14:48:56.421Z : un Admin fait une requête
2024-05-11T14:48:56.544Z : Liste d Obstacle bien retournée
2024-05-11T14:48:56.698Z : un Admin fait une requête
2024-05-11T14:48:56.836Z : Liste d Obstacle bien retournée
2024-05-11T14:48:58.489Z : un Admin fait une requête
2024-05-11T14:48:58.629Z : Liste d Obstacle bien retournée
2024-05-11T14:48:58.772Z : un Admin fait une requête
2024-05-11T14:48:58.915Z : Liste d Obstacle bien retournée
2024-05-11T14:49:10.492Z : un Admin fait une requête
2024-05-11T14:49:10.624Z : Liste d Obstacle bien retournée
2024-05-11T14:49:10.765Z : un Admin fait une requête
2024-05-11T14:49:10.900Z : Liste d Obstacle bien retournée
2024-05-11T14:49:21.399Z : un Admin fait une requête
2024-05-11T14:49:21.507Z : Liste d Obstacle bien retournée
2024-05-11T14:49:21.626Z : un Admin fait une requête
2024-05-11T14:49:21.733Z : Liste d Obstacle bien retournée
2024-05-11T14:49:39.391Z : un Admin fait une requête
2024-05-11T14:49:39.534Z : Liste d Obstacle bien retournée
2024-05-11T14:49:39.677Z : un Admin fait une requête
2024-05-11T14:49:39.819Z : Liste d Obstacle bien retournée
2024-05-11T14:49:43.436Z : un Admin fait une requête
2024-05-11T14:49:43.574Z : Liste d Obstacle bien retournée
2024-05-11T14:49:43.715Z : un Admin fait une requête
2024-05-11T14:49:43.851Z : Liste d Obstacle bien retournée
2024-05-11T14:49:48.067Z : un Admin fait une requête
2024-05-11T14:49:48.212Z : Liste de level bien retournée
2024-05-11T14:49:49.968Z : un Admin fait une requête
2024-05-11T14:49:50.101Z : Liste d Obstacle bien retournée
2024-05-11T14:49:50.249Z : un Admin fait une requête
2024-05-11T14:49:50.380Z : Liste d Obstacle bien retournée
2024-05-11T14:50:17.935Z : un Admin fait une requête
2024-05-11T14:50:18.073Z : Liste d Obstacle bien retournée
2024-05-11T14:50:18.217Z : un Admin fait une requête
2024-05-11T14:50:18.353Z : Liste d Obstacle bien retournée
2024-05-11T14:50:27.299Z : un Admin fait une requête
2024-05-11T14:50:27.429Z : Liste de level bien retournée
2024-05-11T14:50:29.675Z : un Admin fait une requête
2024-05-11T14:50:29.792Z : Liste d Obstacle bien retournée
2024-05-11T14:50:29.921Z : un Admin fait une requête
2024-05-11T14:50:30.051Z : Liste d Obstacle bien retournée
2024-05-11T14:51:05.102Z : un Admin fait une requête
2024-05-11T14:51:05.219Z : Liste d Obstacle bien retournée
2024-05-11T14:51:05.344Z : un Admin fait une requête
2024-05-11T14:51:05.472Z : Liste d Obstacle bien retournée
2024-05-11T14:51:25.664Z : un Admin fait une requête
2024-05-11T14:51:25.805Z : Liste d Obstacle bien retournée
2024-05-11T14:51:25.953Z : un Admin fait une requête
2024-05-11T14:51:26.096Z : Liste d Obstacle bien retournée
2024-05-11T14:51:30.530Z : un Admin fait une requête
2024-05-11T14:51:30.652Z : Liste d Obstacle bien retournée
2024-05-11T14:51:30.785Z : un Admin fait une requête
2024-05-11T14:51:30.900Z : Liste d Obstacle bien retournée
2024-05-11T14:51:32.491Z : un Admin fait une requête
2024-05-11T14:51:32.622Z : Liste d Obstacle bien retournée
2024-05-11T14:51:32.773Z : un Admin fait une requête
2024-05-11T14:51:32.908Z : Liste d Obstacle bien retournée
2024-05-11T14:51:35.930Z : un Admin fait une requête
2024-05-11T14:51:36.063Z : Liste de level bien retournée
2024-05-11T14:51:38.939Z : un Admin fait une requête
2024-05-11T14:51:39.074Z : Liste d Obstacle bien retournée
2024-05-11T14:51:39.216Z : un Admin fait une requête
2024-05-11T14:51:39.352Z : Liste d Obstacle bien retournée
2024-05-11T14:52:17.166Z : un Admin fait une requête
2024-05-11T14:52:17.302Z : Liste d Obstacle bien retournée
2024-05-11T14:52:17.447Z : un Admin fait une requête
2024-05-11T14:52:17.576Z : Liste d Obstacle bien retournée
2024-05-11T14:52:20.977Z : un Admin fait une requête
2024-05-11T14:52:21.109Z : Liste de level bien retournée
2024-05-11T14:52:22.891Z : un Admin fait une requête
2024-05-11T14:52:23.030Z : Liste d Obstacle bien retournée
2024-05-11T14:52:23.169Z : un Admin fait une requête
2024-05-11T14:52:23.299Z : Liste d Obstacle bien retournée
2024-05-11T14:52:56.834Z : un Admin fait une requête
2024-05-11T14:52:56.958Z : Liste d Obstacle bien retournée
2024-05-11T14:52:57.092Z : un Admin fait une requête
2024-05-11T14:52:57.224Z : Liste d Obstacle bien retournée
2024-05-11T14:52:59.713Z : un Admin fait une requête
2024-05-11T14:52:59.849Z : Liste de level bien retournée
2024-05-11T14:53:03.341Z : un Admin fait une requête
2024-05-11T14:53:03.481Z : Liste d Obstacle bien retournée
2024-05-11T14:53:03.626Z : un Admin fait une requête
2024-05-11T14:53:03.768Z : Liste d Obstacle bien retournée
2024-05-11T14:53:20.551Z : un Admin fait une requête
2024-05-11T14:53:20.687Z : Liste d Obstacle bien retournée
2024-05-11T14:53:20.836Z : un Admin fait une requête
2024-05-11T14:53:20.971Z : Liste d Obstacle bien retournée
2024-05-11T14:53:23.330Z : un Admin fait une requête
2024-05-11T14:53:23.453Z : Liste de level bien retournée
2024-05-11T14:53:25.157Z : un Admin fait une requête
2024-05-11T14:53:25.290Z : Liste d Obstacle bien retournée
2024-05-11T14:53:25.428Z : un Admin fait une requête
2024-05-11T14:53:25.578Z : Liste d Obstacle bien retournée
2024-05-11T14:53:52.523Z : un Admin fait une requête
2024-05-11T14:53:52.671Z : Liste d Obstacle bien retournée
2024-05-11T14:53:52.811Z : un Admin fait une requête
2024-05-11T14:53:52.943Z : Liste d Obstacle bien retournée
2024-05-11T14:53:56.227Z : un Admin fait une requête
2024-05-11T14:53:56.366Z : Liste d Obstacle bien retournée
2024-05-11T14:53:56.503Z : un Admin fait une requête
2024-05-11T14:53:56.641Z : Liste d Obstacle bien retournée
2024-05-11T14:53:58.518Z : un Admin fait une requête
2024-05-11T14:53:58.662Z : Liste d Obstacle bien retournée
2024-05-11T14:53:58.808Z : un Admin fait une requête
2024-05-11T14:53:58.944Z : Liste d Obstacle bien retournée
2024-05-11T14:54:00.462Z : un Admin fait une requête
2024-05-11T14:54:00.608Z : Liste d Obstacle bien retournée
2024-05-11T14:54:00.756Z : un Admin fait une requête
2024-05-11T14:54:00.899Z : Liste d Obstacle bien retournée
2024-05-11T14:54:08.159Z : un Admin fait une requête
2024-05-11T14:54:08.293Z : Liste de level bien retournée
2024-05-11T14:54:09.348Z : un Admin fait une requête
2024-05-11T14:54:09.481Z : Liste d Obstacle bien retournée
2024-05-11T14:54:09.611Z : un Admin fait une requête
2024-05-11T14:54:09.751Z : Liste d Obstacle bien retournée
2024-05-11T14:54:24.269Z : un Admin fait une requête
2024-05-11T14:54:24.415Z : Liste d Obstacle bien retournée
2024-05-11T14:54:24.564Z : un Admin fait une requête
2024-05-11T14:54:24.703Z : Liste d Obstacle bien retournée
2024-05-11T14:54:32.355Z : un Admin fait une requête
2024-05-11T14:54:32.480Z : Liste d Obstacle bien retournée
2024-05-11T14:54:32.614Z : un Admin fait une requête
2024-05-11T14:54:32.738Z : Liste d Obstacle bien retournée
2024-05-11T14:54:34.356Z : un Admin fait une requête
2024-05-11T14:54:34.496Z : Liste de level bien retournée
2024-05-11T14:54:36.403Z : un Admin fait une requête
2024-05-11T14:54:36.541Z : Liste d Obstacle bien retournée
2024-05-11T14:54:36.681Z : un Admin fait une requête
2024-05-11T14:54:36.815Z : Liste d Obstacle bien retournée
2024-05-11T14:55:32.894Z : un Admin fait une requête
2024-05-11T14:55:33.023Z : Liste d Obstacle bien retournée
2024-05-11T14:55:33.167Z : un Admin fait une requête
2024-05-11T14:55:33.309Z : Liste d Obstacle bien retournée
2024-05-11T14:55:38.206Z : un Admin fait une requête
2024-05-11T14:55:38.351Z : Liste de level bien retournée
2024-05-11T14:55:40.327Z : un Admin fait une requête
2024-05-11T14:55:40.458Z : Liste d Obstacle bien retournée
2024-05-11T14:55:40.590Z : un Admin fait une requête
2024-05-11T14:55:40.718Z : Liste d Obstacle bien retournée
2024-05-11T14:55:54.530Z : un Admin fait une requête
2024-05-11T14:55:54.664Z : Liste d Obstacle bien retournée
2024-05-11T14:55:54.811Z : un Admin fait une requête
2024-05-11T14:55:54.955Z : Liste d Obstacle bien retournée
2024-05-11T14:55:55.478Z : un Admin fait une requête
2024-05-11T14:55:55.612Z : Liste d Obstacle bien retournée
2024-05-11T14:55:55.754Z : un Admin fait une requête
2024-05-11T14:55:55.899Z : Liste d Obstacle bien retournée
2024-05-11T14:59:11.445Z : un Admin fait une requête
2024-05-11T14:59:11.581Z : Liste d Obstacle bien retournée
2024-05-11T14:59:11.719Z : un Admin fait une requête
2024-05-11T14:59:11.850Z : Liste d Obstacle bien retournée
2024-05-11T14:59:29.436Z : un Admin fait une requête
2024-05-11T14:59:29.574Z : Liste d Obstacle bien retournée
2024-05-11T14:59:29.717Z : un Admin fait une requête
2024-05-11T14:59:29.851Z : Liste d Obstacle bien retournée
2024-05-11T14:59:35.448Z : un Admin fait une requête
2024-05-11T14:59:35.582Z : Liste d Obstacle bien retournée
2024-05-11T14:59:35.725Z : un Admin fait une requête
2024-05-11T14:59:35.861Z : Liste d Obstacle bien retournée
2024-05-11T14:59:48.462Z : un Admin fait une requête
2024-05-11T14:59:48.595Z : Liste d Obstacle bien retournée
2024-05-11T14:59:48.735Z : un Admin fait une requête
2024-05-11T14:59:48.871Z : Liste d Obstacle bien retournée
